<?xml version="1.0" encoding="UTF-8"?>
<!-- Generated by org.testng.reporters.JUnitReportReporter -->
<testsuite hostname="DESKTOP-IB96CGO" failures="0" tests="2" name="com.amazonSearch.tests.E2ETest" time="9.545" errors="1" timestamp="2020-08-18T13:45:26 IST" skipped="0">
  <testcase classname="com.amazonSearch.tests.E2ETest" name="validateHomePage" time="9.545"/>
  <system-out/>
  <testcase classname="com.amazonSearch.tests.E2ETest" name="validateSearchItems" time="0.000">
    <error message="
Method public void com.amazonSearch.tests.E2ETest.validateSearchItems(java.lang.String,java.lang.String) throws java.lang.InterruptedException requires a @DataProvider named : searchitems" type="org.testng.TestNGException">
      <![CDATA[org.testng.TestNGException: 
Method public void com.amazonSearch.tests.E2ETest.validateSearchItems(java.lang.String,java.lang.String) throws java.lang.InterruptedException requires a @DataProvider named : searchitems
at org.testng.internal.Parameters.findDataProvider(Parameters.java:559)
at org.testng.internal.Parameters.handleParameters(Parameters.java:772)
at org.testng.internal.Parameters.handleParameters(Parameters.java:740)
at org.testng.internal.ParameterHandler.handleParameters(ParameterHandler.java:59)
at org.testng.internal.ParameterHandler.createParameters(ParameterHandler.java:38)
at org.testng.internal.TestInvoker$MethodInvocationAgent.invoke(TestInvoker.java:789)
at org.testng.internal.TestInvoker.invokeTestMethods(TestInvoker.java:147)
at org.testng.internal.TestMethodWorker.invokeTestMethods(TestMethodWorker.java:146)
at org.testng.internal.TestMethodWorker.run(TestMethodWorker.java:128)
at java.base/java.util.ArrayList.forEach(ArrayList.java:1507)
at org.testng.TestRunner.privateRun(TestRunner.java:764)
at org.testng.TestRunner.run(TestRunner.java:585)
at org.testng.SuiteRunner.runTest(SuiteRunner.java:384)
at org.testng.SuiteRunner.runSequentially(SuiteRunner.java:378)
at org.testng.SuiteRunner.privateRun(SuiteRunner.java:337)
at org.testng.SuiteRunner.run(SuiteRunner.java:286)
at org.testng.SuiteRunnerWorker.runSuite(SuiteRunnerWorker.java:53)
at org.testng.SuiteRunnerWorker.run(SuiteRunnerWorker.java:96)
at org.testng.TestNG.runSuitesSequentially(TestNG.java:1218)
at org.testng.TestNG.runSuitesLocally(TestNG.java:1140)
at org.testng.TestNG.runSuites(TestNG.java:1069)
at org.testng.TestNG.run(TestNG.java:1037)
at org.testng.remote.AbstractRemoteTestNG.run(AbstractRemoteTestNG.java:115)
at org.testng.remote.RemoteTestNG.initAndRun(RemoteTestNG.java:251)
at org.testng.remote.RemoteTestNG.main(RemoteTestNG.java:77)
]]>
    </error>
  </testcase> <!-- validateSearchItems -->
  <system-out/>
</testsuite> <!-- com.amazonSearch.tests.E2ETest -->
