<?xml version="1.0" encoding="UTF-8"?>
<!-- Generated by org.testng.reporters.JUnitXMLReporter -->
<testsuite ignored="0" hostname="DESKTOP-IB96CGO" failures="0" tests="3" name="Default test" time="14.117" errors="0" timestamp="2020-08-18T16:33:14 IST">
  <testcase classname="com.amazonSearch.utils.BaseTest" name="@BeforeClass beforeClass" time="14.022">
    <failure type="org.openqa.selenium.SessionNotCreatedException" message="session not created
from chrome not reachable
  (Session info: chrome=83.0.4103.116)
Build info: version: &amp;apos;3.141.59&amp;apos;, revision: &amp;apos;e82be7d358&amp;apos;, time: &amp;apos;2018-11-14T08:17:03&amp;apos;
System info: host: &amp;apos;DESKTOP-IB96CGO&amp;apos;, ip: &amp;apos;192.168.1.11&amp;apos;, os.name: &amp;apos;Windows 10&amp;apos;, os.arch: &amp;apos;amd64&amp;apos;, os.version: &amp;apos;10.0&amp;apos;, java.version: &amp;apos;13.0.2&amp;apos;
Driver info: driver.version: ChromeDriver
remote stacktrace: Backtrace:
	Ordinal0 [0x00369563+2725219]
	Ordinal0 [0x00268551+1672529]
	Ordinal0 [0x00150202+524802]
	Ordinal0 [0x001499B2+498098]
	Ordinal0 [0x0014A09B+499867]
	Ordinal0 [0x0014AFF5+503797]
	Ordinal0 [0x00146994+485780]
	Ordinal0 [0x00150FF0+528368]
	Ordinal0 [0x000FD6C9+186057]
	Ordinal0 [0x000FCA3D+182845]
	Ordinal0 [0x000FA94B+174411]
	Ordinal0 [0x000E2528+75048]
	Ordinal0 [0x000E35A0+79264]
	Ordinal0 [0x000E3539+79161]
	Ordinal0 [0x0027D607+1758727]
	GetHandleVerifier [0x00486546+1050150]
	GetHandleVerifier [0x00486291+1049457]
	GetHandleVerifier [0x004910D7+1094071]
	GetHandleVerifier [0x00486B46+1051686]
	Ordinal0 [0x00275B06+1727238]
	Ordinal0 [0x0027EB7B+1764219]
	Ordinal0 [0x0027ECE3+1764579]
	Ordinal0 [0x00294C05+1854469]
	BaseThreadInitThunk [0x75516359+25]
	RtlGetAppContainerNamedObjectPath [0x77C77C24+228]
	RtlGetAppContainerNamedObjectPath [0x77C77BF4+180]
	(No symbol) [0x00000000]
">
      <![CDATA[org.openqa.selenium.SessionNotCreatedException: session not created
from chrome not reachable
  (Session info: chrome=83.0.4103.116)
Build info: version: '3.141.59', revision: 'e82be7d358', time: '2018-11-14T08:17:03'
System info: host: 'DESKTOP-IB96CGO', ip: '192.168.1.11', os.name: 'Windows 10', os.arch: 'amd64', os.version: '10.0', java.version: '13.0.2'
Driver info: driver.version: ChromeDriver
remote stacktrace: Backtrace:
Ordinal0 [0x00369563+2725219]
Ordinal0 [0x00268551+1672529]
Ordinal0 [0x00150202+524802]
Ordinal0 [0x001499B2+498098]
Ordinal0 [0x0014A09B+499867]
Ordinal0 [0x0014AFF5+503797]
Ordinal0 [0x00146994+485780]
Ordinal0 [0x00150FF0+528368]
Ordinal0 [0x000FD6C9+186057]
Ordinal0 [0x000FCA3D+182845]
Ordinal0 [0x000FA94B+174411]
Ordinal0 [0x000E2528+75048]
Ordinal0 [0x000E35A0+79264]
Ordinal0 [0x000E3539+79161]
Ordinal0 [0x0027D607+1758727]
GetHandleVerifier [0x00486546+1050150]
GetHandleVerifier [0x00486291+1049457]
GetHandleVerifier [0x004910D7+1094071]
GetHandleVerifier [0x00486B46+1051686]
Ordinal0 [0x00275B06+1727238]
Ordinal0 [0x0027EB7B+1764219]
Ordinal0 [0x0027ECE3+1764579]
Ordinal0 [0x00294C05+1854469]
BaseThreadInitThunk [0x75516359+25]
RtlGetAppContainerNamedObjectPath [0x77C77C24+228]
RtlGetAppContainerNamedObjectPath [0x77C77BF4+180]
(No symbol) [0x00000000]

at java.base/jdk.internal.reflect.NativeConstructorAccessorImpl.newInstance0(Native Method)
at java.base/jdk.internal.reflect.NativeConstructorAccessorImpl.newInstance(NativeConstructorAccessorImpl.java:62)
at java.base/jdk.internal.reflect.DelegatingConstructorAccessorImpl.newInstance(DelegatingConstructorAccessorImpl.java:45)
at java.base/java.lang.reflect.Constructor.newInstanceWithCaller(Constructor.java:500)
at java.base/java.lang.reflect.Constructor.newInstance(Constructor.java:481)
at org.openqa.selenium.remote.W3CHandshakeResponse.lambda$errorHandler$0(W3CHandshakeResponse.java:62)
at org.openqa.selenium.remote.HandshakeResponse.lambda$getResponseFunction$0(HandshakeResponse.java:30)
at org.openqa.selenium.remote.ProtocolHandshake.lambda$createSession$0(ProtocolHandshake.java:126)
at java.base/java.util.stream.ReferencePipeline$3$1.accept(ReferencePipeline.java:195)
at java.base/java.util.Spliterators$ArraySpliterator.tryAdvance(Spliterators.java:958)
at java.base/java.util.stream.ReferencePipeline.forEachWithCancel(ReferencePipeline.java:127)
at java.base/java.util.stream.AbstractPipeline.copyIntoWithCancel(AbstractPipeline.java:502)
at java.base/java.util.stream.AbstractPipeline.copyInto(AbstractPipeline.java:488)
at java.base/java.util.stream.AbstractPipeline.wrapAndCopyInto(AbstractPipeline.java:474)
at java.base/java.util.stream.FindOps$FindOp.evaluateSequential(FindOps.java:150)
at java.base/java.util.stream.AbstractPipeline.evaluate(AbstractPipeline.java:234)
at java.base/java.util.stream.ReferencePipeline.findFirst(ReferencePipeline.java:543)
at org.openqa.selenium.remote.ProtocolHandshake.createSession(ProtocolHandshake.java:128)
at org.openqa.selenium.remote.ProtocolHandshake.createSession(ProtocolHandshake.java:74)
at org.openqa.selenium.remote.HttpCommandExecutor.execute(HttpCommandExecutor.java:136)
at org.openqa.selenium.remote.service.DriverCommandExecutor.execute(DriverCommandExecutor.java:83)
at org.openqa.selenium.remote.RemoteWebDriver.execute(RemoteWebDriver.java:552)
at org.openqa.selenium.remote.RemoteWebDriver.startSession(RemoteWebDriver.java:213)
at org.openqa.selenium.remote.RemoteWebDriver.<init>(RemoteWebDriver.java:131)
at org.openqa.selenium.chrome.ChromeDriver.<init>(ChromeDriver.java:181)
at org.openqa.selenium.chrome.ChromeDriver.<init>(ChromeDriver.java:168)
at org.openqa.selenium.chrome.ChromeDriver.<init>(ChromeDriver.java:123)
at com.amazonSearch.utils.BaseTest.beforeClass(BaseTest.java:15)
at java.base/jdk.internal.reflect.NativeMethodAccessorImpl.invoke0(Native Method)
at java.base/jdk.internal.reflect.NativeMethodAccessorImpl.invoke(NativeMethodAccessorImpl.java:62)
at java.base/jdk.internal.reflect.DelegatingMethodAccessorImpl.invoke(DelegatingMethodAccessorImpl.java:43)
at java.base/java.lang.reflect.Method.invoke(Method.java:567)
at org.testng.internal.MethodInvocationHelper.invokeMethod(MethodInvocationHelper.java:132)
at org.testng.internal.MethodInvocationHelper.invokeMethodConsideringTimeout(MethodInvocationHelper.java:61)
at org.testng.internal.ConfigInvoker.invokeConfigurationMethod(ConfigInvoker.java:366)
at org.testng.internal.ConfigInvoker.invokeConfigurations(ConfigInvoker.java:320)
at org.testng.internal.TestMethodWorker.invokeBeforeClassMethods(TestMethodWorker.java:176)
at org.testng.internal.TestMethodWorker.run(TestMethodWorker.java:122)
at java.base/java.util.ArrayList.forEach(ArrayList.java:1507)
at org.testng.TestRunner.privateRun(TestRunner.java:764)
at org.testng.TestRunner.run(TestRunner.java:585)
at org.testng.SuiteRunner.runTest(SuiteRunner.java:384)
at org.testng.SuiteRunner.runSequentially(SuiteRunner.java:378)
at org.testng.SuiteRunner.privateRun(SuiteRunner.java:337)
at org.testng.SuiteRunner.run(SuiteRunner.java:286)
at org.testng.SuiteRunnerWorker.runSuite(SuiteRunnerWorker.java:53)
at org.testng.SuiteRunnerWorker.run(SuiteRunnerWorker.java:96)
at org.testng.TestNG.runSuitesSequentially(TestNG.java:1218)
at org.testng.TestNG.runSuitesLocally(TestNG.java:1140)
at org.testng.TestNG.runSuites(TestNG.java:1069)
at org.testng.TestNG.run(TestNG.java:1037)
at org.testng.remote.AbstractRemoteTestNG.run(AbstractRemoteTestNG.java:115)
at org.testng.remote.RemoteTestNG.initAndRun(RemoteTestNG.java:251)
at org.testng.remote.RemoteTestNG.main(RemoteTestNG.java:77)
]]>
    </failure>
  </testcase> <!-- @BeforeClass beforeClass -->
  <testcase classname="com.amazonSearch.tests.E2ETests" name="@BeforeClass setup" time="-1.597748594816E9">
    <skipped/>
  </testcase> <!-- @BeforeClass setup -->
  <testcase classname="com.amazonSearch.utils.BaseTest" name="@AfterClass tearDown" time="-1.597748594868E9">
    <skipped/>
  </testcase> <!-- @AfterClass tearDown -->
  <testcase classname="com.amazonSearch.tests.E2ETests" name="validateSearchList" time="0.0">
    <skipped/>
  </testcase> <!-- validateSearchList -->
  <testcase classname="com.amazonSearch.tests.E2ETests" name="validateSearchList" time="0.0">
    <skipped/>
  </testcase> <!-- validateSearchList -->
  <testcase classname="com.amazonSearch.tests.E2ETests" name="validateSearchList" time="0.0">
    <skipped/>
  </testcase> <!-- validateSearchList -->
</testsuite> <!-- Default test -->
